d:\alvaro\documents\psm\cameraapp\cameraapp\x64\release\qtimagemanager.obj
d:\alvaro\documents\psm\cameraapp\cameraapp\x64\release\main.obj
d:\alvaro\documents\psm\cameraapp\cameraapp\x64\release\moc_qtimagemanager.obj
d:\alvaro\documents\psm\cameraapp\cameraapp\x64\release\moc_cameraapp.obj
d:\alvaro\documents\psm\cameraapp\cameraapp\x64\release\cameraapp.obj
d:\alvaro\documents\psm\cameraapp\cameraapp\x64\release\qrc_cameraapp.obj
d:\alvaro\documents\psm\cameraapp\cameraapp\generatedfiles\release\moc_cameraapp.cpp
d:\alvaro\documents\psm\cameraapp\cameraapp\generatedfiles\ui_cameraapp.h
d:\alvaro\documents\psm\cameraapp\cameraapp\generatedfiles\release\moc_qtimagemanager.cpp
d:\alvaro\documents\psm\cameraapp\cameraapp\generatedfiles\qrc_cameraapp.cpp
d:\alvaro\documents\psm\cameraapp\x64\release\cameraapp.exe
d:\alvaro\documents\psm\cameraapp\cameraapp\x64\release\cameraapp.res
d:\alvaro\documents\psm\cameraapp\cameraapp\x64\release\cameraapp.tlog\cl.command.1.tlog
d:\alvaro\documents\psm\cameraapp\cameraapp\x64\release\cameraapp.tlog\cl.read.1.tlog
d:\alvaro\documents\psm\cameraapp\cameraapp\x64\release\cameraapp.tlog\cl.write.1.tlog
d:\alvaro\documents\psm\cameraapp\cameraapp\x64\release\cameraapp.tlog\custombuild.command.1.tlog
d:\alvaro\documents\psm\cameraapp\cameraapp\x64\release\cameraapp.tlog\custombuild.read.1.tlog
d:\alvaro\documents\psm\cameraapp\cameraapp\x64\release\cameraapp.tlog\custombuild.write.1.tlog
d:\alvaro\documents\psm\cameraapp\cameraapp\x64\release\cameraapp.tlog\link.command.1.tlog
d:\alvaro\documents\psm\cameraapp\cameraapp\x64\release\cameraapp.tlog\link.read.1.tlog
d:\alvaro\documents\psm\cameraapp\cameraapp\x64\release\cameraapp.tlog\link.write.1.tlog
d:\alvaro\documents\psm\cameraapp\cameraapp\x64\release\cameraapp.tlog\rc.command.1.tlog
d:\alvaro\documents\psm\cameraapp\cameraapp\x64\release\cameraapp.tlog\rc.read.1.tlog
d:\alvaro\documents\psm\cameraapp\cameraapp\x64\release\cameraapp.tlog\rc.write.1.tlog
