d:\alvaro\documents\visual studio 2017\projects\cameraapp\cameraapp\x64\debug\vc141.pdb
d:\alvaro\documents\visual studio 2017\projects\cameraapp\cameraapp\x64\debug\main.obj
d:\alvaro\documents\visual studio 2017\projects\cameraapp\cameraapp\x64\debug\hsvwidget.obj
d:\alvaro\documents\visual studio 2017\projects\cameraapp\cameraapp\x64\debug\moc_hsvwidget.obj
d:\alvaro\documents\visual studio 2017\projects\cameraapp\cameraapp\x64\debug\moc_cameraapp.obj
d:\alvaro\documents\visual studio 2017\projects\cameraapp\cameraapp\x64\debug\cameraapp.obj
d:\alvaro\documents\visual studio 2017\projects\cameraapp\cameraapp\x64\debug\qtimagemanager.obj
d:\alvaro\documents\visual studio 2017\projects\cameraapp\cameraapp\x64\debug\moc_qtimagemanager.obj
d:\alvaro\documents\visual studio 2017\projects\cameraapp\cameraapp\x64\debug\qrc_cameraapp.obj
d:\alvaro\documents\visual studio 2017\projects\cameraapp\cameraapp\generatedfiles\ui_cameraapp.h
d:\alvaro\documents\visual studio 2017\projects\cameraapp\cameraapp\generatedfiles\qrc_cameraapp.cpp
d:\alvaro\documents\visual studio 2017\projects\cameraapp\cameraapp\generatedfiles\ui_hsvwidget.h
d:\alvaro\documents\visual studio 2017\projects\cameraapp\cameraapp\generatedfiles\debug\moc_cameraapp.cpp
d:\alvaro\documents\visual studio 2017\projects\cameraapp\cameraapp\generatedfiles\debug\moc_hsvwidget.cpp
d:\alvaro\documents\visual studio 2017\projects\cameraapp\cameraapp\generatedfiles\debug\moc_qtimagemanager.cpp
d:\alvaro\documents\visual studio 2017\projects\cameraapp\x64\debug\cameraapp.pdb
d:\alvaro\documents\visual studio 2017\projects\cameraapp\cameraapp\x64\debug\cameraapp.tlog\cl.command.1.tlog
d:\alvaro\documents\visual studio 2017\projects\cameraapp\cameraapp\x64\debug\cameraapp.tlog\cl.read.1.tlog
d:\alvaro\documents\visual studio 2017\projects\cameraapp\cameraapp\x64\debug\cameraapp.tlog\cl.write.1.tlog
d:\alvaro\documents\visual studio 2017\projects\cameraapp\cameraapp\x64\debug\cameraapp.tlog\custombuild.command.1.tlog
d:\alvaro\documents\visual studio 2017\projects\cameraapp\cameraapp\x64\debug\cameraapp.tlog\custombuild.read.1.tlog
d:\alvaro\documents\visual studio 2017\projects\cameraapp\cameraapp\x64\debug\cameraapp.tlog\custombuild.write.1.tlog
d:\alvaro\documents\visual studio 2017\projects\cameraapp\cameraapp\x64\debug\cameraapp.tlog\link-cvtres.read.1.tlog
d:\alvaro\documents\visual studio 2017\projects\cameraapp\cameraapp\x64\debug\cameraapp.tlog\link-cvtres.write.1.tlog
d:\alvaro\documents\visual studio 2017\projects\cameraapp\cameraapp\x64\debug\cameraapp.tlog\link-rc.read.1.tlog
d:\alvaro\documents\visual studio 2017\projects\cameraapp\cameraapp\x64\debug\cameraapp.tlog\link-rc.write.1.tlog
d:\alvaro\documents\visual studio 2017\projects\cameraapp\cameraapp\x64\debug\cameraapp.tlog\link.command.1.tlog
d:\alvaro\documents\visual studio 2017\projects\cameraapp\cameraapp\x64\debug\cameraapp.tlog\link.read.1.tlog
d:\alvaro\documents\visual studio 2017\projects\cameraapp\cameraapp\x64\debug\cameraapp.tlog\link.write.1.tlog
